<?xml version="1.0" encoding="UTF-8"?>
<testsuite name="FoShizzleTest" tests="4" skipped="0" failures="0" errors="0" timestamp="2015-08-11T06:15:57" hostname="Julianas-MacBook-Pro.local" time="0.002">
  <properties/>
  <testcase name="FoShizzle_McSweet" classname="FoShizzleTest" time="0.001"/>
  <testcase name="FoShizzle_skillz" classname="FoShizzleTest" time="0.0"/>
  <testcase name="FoShizzle_Hello" classname="FoShizzleTest" time="0.0"/>
  <testcase name="FoShizzle_Suzan" classname="FoShizzleTest" time="0.0"/>
  <system-out><![CDATA[]]></system-out>
  <system-err><![CDATA[]]></system-err>
</testsuite>
